<?xml version="1.0" encoding="UTF-8"?>
<testsuite name="AppTest" tests="4" skipped="0" failures="0" errors="0" timestamp="2018-02-23T09:20:47" hostname="SNH-SOMCHAI-NB" time="0.021">
  <properties/>
  <testcase name="testSmallNoPrime" classname="AppTest" time="0.017"/>
  <testcase name="testSmallPrime" classname="AppTest" time="0.0"/>
  <testcase name="testLargeNoPrime" classname="AppTest" time="0.001"/>
  <testcase name="testLargePrime" classname="AppTest" time="0.003"/>
  <system-out><![CDATA[]]></system-out>
  <system-err><![CDATA[]]></system-err>
</testsuite>
